0 info it worked if it ends with ok
1 verbose cli [ 'C:\\Program Files\\nodejs\\node.exe',
1 verbose cli   'C:\\Program Files\\nodejs\\node_modules\\npm\\bin\\npm-cli.js',
1 verbose cli   'start' ]
2 info using npm@3.10.8
3 info using node@v7.0.0
4 verbose run-script [ 'prestart', 'start', 'poststart' ]
5 info lifecycle currybhariservice@0.0.0~prestart: currybhariservice@0.0.0
6 silly lifecycle currybhariservice@0.0.0~prestart: no script for prestart, continuing
7 info lifecycle currybhariservice@0.0.0~start: currybhariservice@0.0.0
8 verbose lifecycle currybhariservice@0.0.0~start: unsafe-perm in lifecycle true
9 verbose lifecycle currybhariservice@0.0.0~start: PATH: C:\Program Files\nodejs\node_modules\npm\bin\node-gyp-bin;D:\currybhari-view\node_modules\.bin;C:\Users\PANKAJ\AppData\Local\GitHub\PortableGit_63435a79518b44808827aa3194b76bea96231189\cmd;C:\Users\PANKAJ\AppData\Local\GitHub\PortableGit_63435a79518b44808827aa3194b76bea96231189\usr\bin;C:\Users\PANKAJ\AppData\Local\GitHub\PortableGit_63435a79518b44808827aa3194b76bea96231189\usr\share\git-tfs;C:\Users\PANKAJ\AppData\Local\Apps\2.0\3TBNKXL2.HW0\Q1O6CMND.APN\gith..tion_317444273a93ac29_0003.0003_7524e8363d96b294;C:\Users\PANKAJ\AppData\Local\GitHub\lfs-x86_1.3.1;C:\oraclexe\app\oracle\product\11.2.0\server\bin;;C:\Windows\system32;C:\Windows;C:\Windows\System32\Wbem;C:\Windows\System32\WindowsPowerShell\v1.0\;c:\Program Files\Microsoft SQL Server\90\Tools\binn\;C:\Program Files\Microsoft\Web Platform Installer\;C:\Program Files\Microsoft ASP.NET\ASP.NET Web Pages\v1.0\;C:\Program Files\Windows Kits\8.0\Windows Performance Toolkit\;C:\Program Files\Microsoft SQL Server\110\Tools\Binn\;C:\Program Files\Skype\Phone\;C:\Program Files\nodejs\;C:\Users\PANKAJ\AppData\Roaming\npm;C:\Users\PANKAJ\AppData\Local\atom\bin;C:\Windows\Microsoft.NET\Framework\v4.0.30319\
10 verbose lifecycle currybhariservice@0.0.0~start: CWD: D:\currybhari-view
11 silly lifecycle currybhariservice@0.0.0~start: Args: [ '/d /s /c', 'node server.js' ]
12 silly lifecycle currybhariservice@0.0.0~start: Returned: code: 3221225786  signal: null
13 info lifecycle currybhariservice@0.0.0~start: Failed to exec start script
14 verbose stack Error: currybhariservice@0.0.0 start: `node server.js`
14 verbose stack Exit status 3221225786
14 verbose stack     at EventEmitter.<anonymous> (C:\Program Files\nodejs\node_modules\npm\lib\utils\lifecycle.js:255:16)
14 verbose stack     at emitTwo (events.js:106:13)
14 verbose stack     at EventEmitter.emit (events.js:191:7)
14 verbose stack     at ChildProcess.<anonymous> (C:\Program Files\nodejs\node_modules\npm\lib\utils\spawn.js:40:14)
14 verbose stack     at emitTwo (events.js:106:13)
14 verbose stack     at ChildProcess.emit (events.js:191:7)
14 verbose stack     at maybeClose (internal/child_process.js:877:16)
14 verbose stack     at Process.ChildProcess._handle.onexit (internal/child_process.js:226:5)
15 verbose pkgid currybhariservice@0.0.0
16 verbose cwd D:\currybhari-view
17 error Windows_NT 6.1.7600
18 error argv "C:\\Program Files\\nodejs\\node.exe" "C:\\Program Files\\nodejs\\node_modules\\npm\\bin\\npm-cli.js" "start"
19 error node v7.0.0
20 error npm  v3.10.8
21 error code ELIFECYCLE
22 error currybhariservice@0.0.0 start: `node server.js`
22 error Exit status 3221225786
23 error Failed at the currybhariservice@0.0.0 start script 'node server.js'.
23 error Make sure you have the latest version of node.js and npm installed.
23 error If you do, this is most likely a problem with the currybhariservice package,
23 error not with npm itself.
23 error Tell the author that this fails on your system:
23 error     node server.js
23 error You can get information on how to open an issue for this project with:
23 error     npm bugs currybhariservice
23 error Or if that isn't available, you can get their info via:
23 error     npm owner ls currybhariservice
23 error There is likely additional logging output above.
24 verbose exit [ 1, true ]
